{
  "RSpec": {
    "coverage": {
      "/Users/alexblair/Projects/week-2/oystercard_2/spec/oystercard_spec.rb": [
        1,
        null,
        1,
        9,
        1,
        1,
        13,
        null,
        1,
        1,
        13,
        null,
        1,
        1,
        1,
        null,
        null,
        1,
        1,
        null,
        null,
        null,
        1,
        1,
        2,
        null,
        null,
        null,
        1,
        4,
        null,
        null,
        null,
        1,
        1,
        3,
        1,
        1,
        null,
        1,
        1,
        null,
        null,
        1,
        1,
        2,
        null,
        null,
        null,
        null,
        1,
        5,
        null,
        1,
        1,
        1,
        null,
        null,
        1,
        4,
        null,
        null,
        1,
        2,
        2,
        null,
        null,
        1,
        1,
        1,
        null,
        null,
        null,
        1,
        1,
        1,
        null,
        null,
        null
      ],
      "/Users/alexblair/Projects/week-2/oystercard_2/lib/oystercard.rb": [
        null,
        1,
        1,
        1,
        1,
        1,
        null,
        1,
        20,
        20,
        null,
        null,
        1,
        14,
        13,
        null,
        null,
        1,
        7,
        6,
        null,
        null,
        1,
        4,
        4,
        4,
        null,
        null,
        1,
        3,
        null,
        null,
        1,
        null,
        1,
        4,
        null,
        null,
        1,
        4,
        null,
        null,
        1,
        14,
        null,
        null,
        1,
        7,
        null,
        null
      ],
      "/Users/alexblair/Projects/week-2/oystercard_2/spec/station_spec.rb": [
        1,
        null,
        1,
        null,
        null
      ],
      "/Users/alexblair/Projects/week-2/oystercard_2/lib/station.rb": [
        1,
        null,
        null
      ]
    },
    "timestamp": 1499783679
  }
}
