{
  "RSpec": {
    "coverage": {
      "/Users/alexblair/Projects/week-2/oystercard_2/spec/oystercard_spec.rb": [
        1,
        null,
        1,
        8,
        1,
        11,
        null,
        1,
        1,
        11,
        null,
        1,
        1,
        1,
        null,
        null,
        null,
        1,
        1,
        2,
        null,
        null,
        null,
        1,
        4,
        null,
        null,
        null,
        1,
        1,
        3,
        1,
        1,
        null,
        1,
        1,
        null,
        null,
        1,
        1,
        2,
        null,
        null,
        null,
        null,
        1,
        1,
        1,
        1,
        null,
        null,
        1,
        4,
        null,
        null,
        1,
        1,
        1,
        1,
        null,
        null,
        null,
        1,
        1,
        1,
        null,
        null,
        null
      ],
      "/Users/alexblair/Projects/week-2/oystercard_2/lib/oystercard.rb": [
        null,
        1,
        1,
        1,
        1,
        1,
        null,
        1,
        17,
        17,
        null,
        null,
        1,
        12,
        11,
        null,
        null,
        1,
        4,
        3,
        null,
        null,
        1,
        3,
        3,
        3,
        null,
        null,
        1,
        3,
        null,
        null,
        1,
        null,
        1,
        3,
        null,
        null,
        1,
        12,
        null,
        null,
        1,
        4,
        null,
        null
      ],
      "/Users/alexblair/Projects/week-2/oystercard_2/spec/station_spec.rb": [
        1,
        null,
        1,
        null,
        null
      ],
      "/Users/alexblair/Projects/week-2/oystercard_2/lib/station.rb": [
        1,
        null,
        null
      ]
    },
    "timestamp": 1499782293
  }
}
